<?xml version="1.0" encoding="UTF-8"?>
<testng-results skipped="0" failed="0" total="2" passed="2">
  <reporter-output>
  </reporter-output>
  <suite name="Default suite" duration-ms="51775" started-at="2019-02-26T13:55:10Z" finished-at="2019-02-26T13:56:02Z">
    <groups>
    </groups>
    <test name="Default test" duration-ms="51775" started-at="2019-02-26T13:55:10Z" finished-at="2019-02-26T13:56:02Z">
      <class name="com.goveva.qa.testcases.LoginPageTest">
        <test-method status="PASS" signature="setup()[pri:0, instance:com.goveva.qa.testcases.LoginPageTest@3f49dace]" name="setup" is-config="true" duration-ms="23926" started-at="2019-02-26T19:25:10Z" finished-at="2019-02-26T19:25:34Z">
          <reporter-output>
          </reporter-output>
        </test-method> <!-- setup -->
        <test-method status="PASS" signature="LogInTitleTest()[pri:0, instance:com.goveva.qa.testcases.LoginPageTest@3f49dace]" name="LogInTitleTest" duration-ms="44" started-at="2019-02-26T19:25:34Z" finished-at="2019-02-26T19:25:34Z">
          <reporter-output>
          </reporter-output>
        </test-method> <!-- LogInTitleTest -->
        <test-method status="PASS" signature="tearDown()[pri:0, instance:com.goveva.qa.testcases.LoginPageTest@3f49dace]" name="tearDown" is-config="true" duration-ms="336" started-at="2019-02-26T19:25:34Z" finished-at="2019-02-26T19:25:35Z">
          <reporter-output>
          </reporter-output>
        </test-method> <!-- tearDown -->
        <test-method status="PASS" signature="setup()[pri:0, instance:com.goveva.qa.testcases.LoginPageTest@3f49dace]" name="setup" is-config="true" duration-ms="23393" started-at="2019-02-26T19:25:35Z" finished-at="2019-02-26T19:25:58Z">
          <reporter-output>
          </reporter-output>
        </test-method> <!-- setup -->
        <test-method status="PASS" signature="LoginTest()[pri:0, instance:com.goveva.qa.testcases.LoginPageTest@3f49dace]" name="LoginTest" duration-ms="3623" started-at="2019-02-26T19:25:58Z" finished-at="2019-02-26T19:26:02Z">
          <reporter-output>
          </reporter-output>
        </test-method> <!-- LoginTest -->
        <test-method status="PASS" signature="tearDown()[pri:0, instance:com.goveva.qa.testcases.LoginPageTest@3f49dace]" name="tearDown" is-config="true" duration-ms="375" started-at="2019-02-26T19:26:02Z" finished-at="2019-02-26T19:26:02Z">
          <reporter-output>
          </reporter-output>
        </test-method> <!-- tearDown -->
      </class> <!-- com.goveva.qa.testcases.LoginPageTest -->
    </test> <!-- Default test -->
  </suite> <!-- Default suite -->
</testng-results>
